<?xml version="1.0" encoding="UTF-8"?>
<!-- Generated by org.testng.reporters.JUnitReportReporter -->
<testsuite hostname="ABP-HQ6-LINF" failures="0" tests="2" name="Herokuapp.Tests" time="6.759" errors="0" timestamp="2023-01-27T09:40:15 WAT" skipped="0">
  <testcase classname="Herokuapp.Tests" name="invalidLogin" time="2.192"/>
  <system-out/>
  <testcase classname="Herokuapp.Tests" name="validLogin" time="4.567"/>
  <system-out/>
</testsuite> <!-- Herokuapp.Tests -->
